# JRE version: OpenJDK Runtime Environment Temurin-17.0.10+7 (17.0.10+7) (build 17.0.10+7)
# Java VM: OpenJDK 64-Bit Server VM Temurin-17.0.10+7 (17.0.10+7, mixed mode, tiered, compressed oops, compressed class ptrs, parallel gc, windows-amd64)
GC Precious Log:
 CPUs: 12 total, 12 available
 Memory: 24359M
 Large Page Support: Disabled
 NUMA Support: Disabled
 Compressed Oops: Enabled (32-bit)
 Alignments: Space 512K, Generation 512K, Heap 2M
 Heap Min Capacity: 100M
 Heap Initial Capacity: 100M
 Heap Max Capacity: 1G
 Pre-touch: Disabled
 Parallel Workers: 10
Heap:
 PSYoungGen      total 27648K, used 4587K [0x00000000eab00000, 0x00000000ed780000, 0x0000000100000000)
  eden space 23040K, 0% used [0x00000000eab00000,0x00000000eab00000,0x00000000ec180000)
  from space 4608K, 99% used [0x00000000ec600000,0x00000000eca7adc8,0x00000000eca80000)
  to   space 11264K, 0% used [0x00000000ecc80000,0x00000000ecc80000,0x00000000ed780000)
 ParOldGen       total 140800K, used 137292K [0x00000000c0000000, 0x00000000c8980000, 0x00000000eab00000)
  object space 140800K, 97% used [0x00000000c0000000,0x00000000c8613140,0x00000000c8980000)
 Metaspace       used 88521K, committed 90048K, reserved 1179648K
  class space    used 9204K, committed 9856K, reserved 1048576K
GC Heap History (20 events):
Event: 138.777 GC heap after
{Heap after GC invocations=151 (full 6):
 PSYoungGen      total 30720K, used 7670K [0x00000000eab00000, 0x00000000ed500000, 0x0000000100000000)
  eden space 23040K, 0% used [0x00000000eab00000,0x00000000eab00000,0x00000000ec180000)
  from space 7680K, 99% used [0x00000000eca80000,0x00000000ed1fd950,0x00000000ed200000)
  to   space 9216K, 0% used [0x00000000ec180000,0x00000000ec180000,0x00000000eca80000)
 ParOldGen       total 140800K, used 121356K [0x00000000c0000000, 0x00000000c8980000, 0x00000000eab00000)
  object space 140800K, 86% used [0x00000000c0000000,0x00000000c7683230,0x00000000c8980000)
 Metaspace       used 84715K, committed 86272K, reserved 1179648K
  class space    used 8752K, committed 9408K, reserved 1048576K
}
Event: 140.833 GC heap before
{Heap before GC invocations=152 (full 6):
 PSYoungGen      total 30720K, used 30708K [0x00000000eab00000, 0x00000000ed500000, 0x0000000100000000)
  eden space 23040K, 99% used [0x00000000eab00000,0x00000000ec17f7c0,0x00000000ec180000)
  from space 7680K, 99% used [0x00000000eca80000,0x00000000ed1fd950,0x00000000ed200000)
  to   space 9216K, 0% used [0x00000000ec180000,0x00000000ec180000,0x00000000eca80000)
 ParOldGen       total 140800K, used 121356K [0x00000000c0000000, 0x00000000c8980000, 0x00000000eab00000)
  object space 140800K, 86% used [0x00000000c0000000,0x00000000c7683230,0x00000000c8980000)
 Metaspace       used 84755K, committed 86272K, reserved 1179648K
  class space    used 8752K, committed 9408K, reserved 1048576K
}
Event: 140.837 GC heap after
{Heap after GC invocations=152 (full 6):
 PSYoungGen      total 31744K, used 8251K [0x00000000eab00000, 0x00000000ed280000, 0x0000000100000000)
  eden space 23040K, 0% used [0x00000000eab00000,0x00000000eab00000,0x00000000ec180000)
  from space 8704K, 94% used [0x00000000ec180000,0x00000000ec98ee20,0x00000000eca00000)
  to   space 8704K, 0% used [0x00000000eca00000,0x00000000eca00000,0x00000000ed280000)
 ParOldGen       total 140800K, used 122500K [0x00000000c0000000, 0x00000000c8980000, 0x00000000eab00000)
  object space 140800K, 87% used [0x00000000c0000000,0x00000000c77a1380,0x00000000c8980000)
 Metaspace       used 84755K, committed 86272K, reserved 1179648K
  class space    used 8752K, committed 9408K, reserved 1048576K
}
Event: 143.450 GC heap before
{Heap before GC invocations=153 (full 6):
 PSYoungGen      total 31744K, used 31291K [0x00000000eab00000, 0x00000000ed280000, 0x0000000100000000)
  eden space 23040K, 100% used [0x00000000eab00000,0x00000000ec180000,0x00000000ec180000)
  from space 8704K, 94% used [0x00000000ec180000,0x00000000ec98ee20,0x00000000eca00000)
  to   space 8704K, 0% used [0x00000000eca00000,0x00000000eca00000,0x00000000ed280000)
 ParOldGen       total 140800K, used 122500K [0x00000000c0000000, 0x00000000c8980000, 0x00000000eab00000)
  object space 140800K, 87% used [0x00000000c0000000,0x00000000c77a1380,0x00000000c8980000)
 Metaspace       used 84786K, committed 86272K, reserved 1179648K
  class space    used 8752K, committed 9408K, reserved 1048576K
}
Event: 143.453 GC heap after
{Heap after GC invocations=153 (full 6):
 PSYoungGen      total 30208K, used 7148K [0x00000000eab00000, 0x00000000ed100000, 0x0000000100000000)
  eden space 23040K, 0% used [0x00000000eab00000,0x00000000eab00000,0x00000000ec180000)
  from space 7168K, 99% used [0x00000000eca00000,0x00000000ed0fb320,0x00000000ed100000)
  to   space 7680K, 0% used [0x00000000ec200000,0x00000000ec200000,0x00000000ec980000)
 ParOldGen       total 140800K, used 122500K [0x00000000c0000000, 0x00000000c8980000, 0x00000000eab00000)
  object space 140800K, 87% used [0x00000000c0000000,0x00000000c77a1380,0x00000000c8980000)
 Metaspace       used 84786K, committed 86272K, reserved 1179648K
  class space    used 8752K, committed 9408K, reserved 1048576K
}
Event: 154.463 GC heap before
{Heap before GC invocations=154 (full 6):
 PSYoungGen      total 30208K, used 30188K [0x00000000eab00000, 0x00000000ed100000, 0x0000000100000000)
  eden space 23040K, 100% used [0x00000000eab00000,0x00000000ec180000,0x00000000ec180000)
  from space 7168K, 99% used [0x00000000eca00000,0x00000000ed0fb320,0x00000000ed100000)
  to   space 7680K, 0% used [0x00000000ec200000,0x00000000ec200000,0x00000000ec980000)
 ParOldGen       total 140800K, used 122500K [0x00000000c0000000, 0x00000000c8980000, 0x00000000eab00000)
  object space 140800K, 87% used [0x00000000c0000000,0x00000000c77a1380,0x00000000c8980000)
 Metaspace       used 84827K, committed 86336K, reserved 1179648K
  class space    used 8752K, committed 9408K, reserved 1048576K
}
Event: 154.466 GC heap after
{Heap after GC invocations=154 (full 6):
 PSYoungGen      total 30720K, used 7676K [0x00000000eab00000, 0x00000000ed680000, 0x0000000100000000)
  eden space 23040K, 0% used [0x00000000eab00000,0x00000000eab00000,0x00000000ec180000)
  from space 7680K, 99% used [0x00000000ec200000,0x00000000ec97f160,0x00000000ec980000)
  to   space 10752K, 0% used [0x00000000ecc00000,0x00000000ecc00000,0x00000000ed680000)
 ParOldGen       total 140800K, used 124939K [0x00000000c0000000, 0x00000000c8980000, 0x00000000eab00000)
  object space 140800K, 88% used [0x00000000c0000000,0x00000000c7a02f70,0x00000000c8980000)
 Metaspace       used 84827K, committed 86336K, reserved 1179648K
  class space    used 8752K, committed 9408K, reserved 1048576K
}
Event: 154.592 GC heap before
{Heap before GC invocations=155 (full 6):
 PSYoungGen      total 30720K, used 30716K [0x00000000eab00000, 0x00000000ed680000, 0x0000000100000000)
  eden space 23040K, 100% used [0x00000000eab00000,0x00000000ec180000,0x00000000ec180000)
  from space 7680K, 99% used [0x00000000ec200000,0x00000000ec97f160,0x00000000ec980000)
  to   space 10752K, 0% used [0x00000000ecc00000,0x00000000ecc00000,0x00000000ed680000)
 ParOldGen       total 140800K, used 124939K [0x00000000c0000000, 0x00000000c8980000, 0x00000000eab00000)
  object space 140800K, 88% used [0x00000000c0000000,0x00000000c7a02f70,0x00000000c8980000)
 Metaspace       used 85753K, committed 87296K, reserved 1179648K
  class space    used 8865K, committed 9536K, reserved 1048576K
}
Event: 154.596 GC heap after
{Heap after GC invocations=155 (full 6):
 PSYoungGen      total 29184K, used 6117K [0x00000000eab00000, 0x00000000ed200000, 0x0000000100000000)
  eden space 23040K, 0% used [0x00000000eab00000,0x00000000eab00000,0x00000000ec180000)
  from space 6144K, 99% used [0x00000000ecc00000,0x00000000ed1f9640,0x00000000ed200000)
  to   space 7680K, 0% used [0x00000000ec300000,0x00000000ec300000,0x00000000eca80000)
 ParOldGen       total 140800K, used 126065K [0x00000000c0000000, 0x00000000c8980000, 0x00000000eab00000)
  object space 140800K, 89% used [0x00000000c0000000,0x00000000c7b1c7c8,0x00000000c8980000)
 Metaspace       used 85753K, committed 87296K, reserved 1179648K
  class space    used 8865K, committed 9536K, reserved 1048576K
}
Event: 433.913 GC heap before
{Heap before GC invocations=156 (full 6):
 PSYoungGen      total 29184K, used 29157K [0x00000000eab00000, 0x00000000ed200000, 0x0000000100000000)
  eden space 23040K, 99% used [0x00000000eab00000,0x00000000ec17fff8,0x00000000ec180000)
  from space 6144K, 99% used [0x00000000ecc00000,0x00000000ed1f9640,0x00000000ed200000)
  to   space 7680K, 0% used [0x00000000ec300000,0x00000000ec300000,0x00000000eca80000)
 ParOldGen       total 140800K, used 126065K [0x00000000c0000000, 0x00000000c8980000, 0x00000000eab00000)
  object space 140800K, 89% used [0x00000000c0000000,0x00000000c7b1c7c8,0x00000000c8980000)
 Metaspace       used 87437K, committed 88960K, reserved 1179648K
  class space    used 9071K, committed 9664K, reserved 1048576K
}
Event: 433.918 GC heap after
{Heap after GC invocations=156 (full 6):
 PSYoungGen      total 30720K, used 7676K [0x00000000eab00000, 0x00000000edc80000, 0x0000000100000000)
  eden space 23040K, 0% used [0x00000000eab00000,0x00000000eab00000,0x00000000ec180000)
  from space 7680K, 99% used [0x00000000ec300000,0x00000000eca7f0a0,0x00000000eca80000)
  to   space 13824K, 0% used [0x00000000ecf00000,0x00000000ecf00000,0x00000000edc80000)
 ParOldGen       total 140800K, used 130735K [0x00000000c0000000, 0x00000000c8980000, 0x00000000eab00000)
  object space 140800K, 92% used [0x00000000c0000000,0x00000000c7fabe40,0x00000000c8980000)
 Metaspace       used 87437K, committed 88960K, reserved 1179648K
  class space    used 9071K, committed 9664K, reserved 1048576K
}
Event: 435.184 GC heap before
{Heap before GC invocations=157 (full 6):
 PSYoungGen      total 30720K, used 30716K [0x00000000eab00000, 0x00000000edc80000, 0x0000000100000000)
  eden space 23040K, 100% used [0x00000000eab00000,0x00000000ec180000,0x00000000ec180000)
  from space 7680K, 99% used [0x00000000ec300000,0x00000000eca7f0a0,0x00000000eca80000)
  to   space 13824K, 0% used [0x00000000ecf00000,0x00000000ecf00000,0x00000000edc80000)
 ParOldGen       total 140800K, used 130735K [0x00000000c0000000, 0x00000000c8980000, 0x00000000eab00000)
  object space 140800K, 92% used [0x00000000c0000000,0x00000000c7fabe40,0x00000000c8980000)
 Metaspace       used 87529K, committed 89024K, reserved 1179648K
  class space    used 9077K, committed 9728K, reserved 1048576K
}
Event: 435.186 GC heap after
{Heap after GC invocations=157 (full 6):
 PSYoungGen      total 27648K, used 4390K [0x00000000eab00000, 0x00000000ed380000, 0x0000000100000000)
  eden space 23040K, 0% used [0x00000000eab00000,0x00000000eab00000,0x00000000ec180000)
  from space 4608K, 95% used [0x00000000ecf00000,0x00000000ed349a40,0x00000000ed380000)
  to   space 7680K, 0% used [0x00000000ec480000,0x00000000ec480000,0x00000000ecc00000)
 ParOldGen       total 140800K, used 131164K [0x00000000c0000000, 0x00000000c8980000, 0x00000000eab00000)
  object space 140800K, 93% used [0x00000000c0000000,0x00000000c8017080,0x00000000c8980000)
 Metaspace       used 87529K, committed 89024K, reserved 1179648K
  class space    used 9077K, committed 9728K, reserved 1048576K
}
Event: 435.575 GC heap before
{Heap before GC invocations=158 (full 6):
 PSYoungGen      total 27648K, used 27430K [0x00000000eab00000, 0x00000000ed380000, 0x0000000100000000)
  eden space 23040K, 100% used [0x00000000eab00000,0x00000000ec180000,0x00000000ec180000)
  from space 4608K, 95% used [0x00000000ecf00000,0x00000000ed349a40,0x00000000ed380000)
  to   space 7680K, 0% used [0x00000000ec480000,0x00000000ec480000,0x00000000ecc00000)
 ParOldGen       total 140800K, used 131164K [0x00000000c0000000, 0x00000000c8980000, 0x00000000eab00000)
  object space 140800K, 93% used [0x00000000c0000000,0x00000000c8017080,0x00000000c8980000)
 Metaspace       used 87610K, committed 89152K, reserved 1179648K
  class space    used 9080K, committed 9728K, reserved 1048576K
}
Event: 435.578 GC heap after
{Heap after GC invocations=158 (full 6):
 PSYoungGen      total 28160K, used 4663K [0x00000000eab00000, 0x00000000ecf80000, 0x0000000100000000)
  eden space 23040K, 0% used [0x00000000eab00000,0x00000000eab00000,0x00000000ec180000)
  from space 5120K, 91% used [0x00000000ec480000,0x00000000ec90df60,0x00000000ec980000)
  to   space 5120K, 0% used [0x00000000eca80000,0x00000000eca80000,0x00000000ecf80000)
 ParOldGen       total 140800K, used 131172K [0x00000000c0000000, 0x00000000c8980000, 0x00000000eab00000)
  object space 140800K, 93% used [0x00000000c0000000,0x00000000c8019080,0x00000000c8980000)
 Metaspace       used 87610K, committed 89152K, reserved 1179648K
  class space    used 9080K, committed 9728K, reserved 1048576K
}
Event: 435.637 GC heap before
{Heap before GC invocations=159 (full 6):
 PSYoungGen      total 28160K, used 27703K [0x00000000eab00000, 0x00000000ecf80000, 0x0000000100000000)
  eden space 23040K, 100% used [0x00000000eab00000,0x00000000ec180000,0x00000000ec180000)
  from space 5120K, 91% used [0x00000000ec480000,0x00000000ec90df60,0x00000000ec980000)
  to   space 5120K, 0% used [0x00000000eca80000,0x00000000eca80000,0x00000000ecf80000)
 ParOldGen       total 140800K, used 131172K [0x00000000c0000000, 0x00000000c8980000, 0x00000000eab00000)
  object space 140800K, 93% used [0x00000000c0000000,0x00000000c8019080,0x00000000c8980000)
 Metaspace       used 87621K, committed 89152K, reserved 1179648K
  class space    used 9080K, committed 9728K, reserved 1048576K
}
Event: 435.640 GC heap after
{Heap after GC invocations=159 (full 6):
 PSYoungGen      total 27648K, used 4352K [0x00000000eab00000, 0x00000000ecf00000, 0x0000000100000000)
  eden space 23040K, 0% used [0x00000000eab00000,0x00000000eab00000,0x00000000ec180000)
  from space 4608K, 94% used [0x00000000eca80000,0x00000000ecec0340,0x00000000ecf00000)
  to   space 4608K, 0% used [0x00000000ec600000,0x00000000ec600000,0x00000000eca80000)
 ParOldGen       total 140800K, used 132014K [0x00000000c0000000, 0x00000000c8980000, 0x00000000eab00000)
  object space 140800K, 93% used [0x00000000c0000000,0x00000000c80eb9b0,0x00000000c8980000)
 Metaspace       used 87621K, committed 89152K, reserved 1179648K
  class space    used 9080K, committed 9728K, reserved 1048576K
}
Event: 450.900 GC heap before
{Heap before GC invocations=160 (full 6):
 PSYoungGen      total 27648K, used 27392K [0x00000000eab00000, 0x00000000ecf00000, 0x0000000100000000)
  eden space 23040K, 100% used [0x00000000eab00000,0x00000000ec180000,0x00000000ec180000)
  from space 4608K, 94% used [0x00000000eca80000,0x00000000ecec0340,0x00000000ecf00000)
  to   space 4608K, 0% used [0x00000000ec600000,0x00000000ec600000,0x00000000eca80000)
 ParOldGen       total 140800K, used 132014K [0x00000000c0000000, 0x00000000c8980000, 0x00000000eab00000)
  object space 140800K, 93% used [0x00000000c0000000,0x00000000c80eb9b0,0x00000000c8980000)
 Metaspace       used 88521K, committed 90048K, reserved 1179648K
  class space    used 9204K, committed 9856K, reserved 1048576K
}
Event: 450.904 GC heap after
{Heap after GC invocations=160 (full 6):
 PSYoungGen      total 27648K, used 4587K [0x00000000eab00000, 0x00000000ed780000, 0x0000000100000000)
  eden space 23040K, 0% used [0x00000000eab00000,0x00000000eab00000,0x00000000ec180000)
  from space 4608K, 99% used [0x00000000ec600000,0x00000000eca7adc8,0x00000000eca80000)
  to   space 11264K, 0% used [0x00000000ecc80000,0x00000000ecc80000,0x00000000ed780000)
 ParOldGen       total 140800K, used 137292K [0x00000000c0000000, 0x00000000c8980000, 0x00000000eab00000)
  object space 140800K, 97% used [0x00000000c0000000,0x00000000c8613140,0x00000000c8980000)
 Metaspace       used 88521K, committed 90048K, reserved 1179648K
  class space    used 9204K, committed 9856K, reserved 1048576K
}
Event: 450.905 GC heap before
{Heap before GC invocations=161 (full 7):
 PSYoungGen      total 27648K, used 4587K [0x00000000eab00000, 0x00000000ed780000, 0x0000000100000000)
  eden space 23040K, 0% used [0x00000000eab00000,0x00000000eab00000,0x00000000ec180000)
  from space 4608K, 99% used [0x00000000ec600000,0x00000000eca7adc8,0x00000000eca80000)
  to   space 11264K, 0% used [0x00000000ecc80000,0x00000000ecc80000,0x00000000ed780000)
 ParOldGen       total 140800K, used 137292K [0x00000000c0000000, 0x00000000c8980000, 0x00000000eab00000)
  object space 140800K, 97% used [0x00000000c0000000,0x00000000c8613140,0x00000000c8980000)
 Metaspace       used 88521K, committed 90048K, reserved 1179648K
  class space    used 9204K, committed 9856K, reserved 1048576K
}

